Arguments: 
  /Users/stevensanseau/.nvm/versions/node/v13.12.0/bin/node /usr/local/Cellar/yarn/1.22.4/libexec/bin/yarn.js add react-native-web@canary

PATH: 
  /Users/stevensanseau/.nvm/versions/node/v13.12.0/bin:/Users/stevensanseau/.rvm/gems/ruby-2.2.1/bin:/Users/stevensanseau/.rvm/gems/ruby-2.2.1@global/bin:/Users/stevensanseau/.rvm/rubies/ruby-2.2.1/bin:/usr/local/opt/openssl/bin:/usr/local/bin:/usr/bin:/bin:/usr/sbin:/sbin:/Library/Apple/usr/bin:/Users/stevensanseau/.antigen/bundles/robbyrussell/oh-my-zsh/lib:/Users/stevensanseau/.antigen/bundles/robbyrussell/oh-my-zsh/plugins/gitfast:/Users/stevensanseau/.antigen/bundles/djui/alias-tips:/Users/stevensanseau/.antigen/bundles/robbyrussell/oh-my-zsh/plugins/git:/Users/stevensanseau/.antigen/bundles/robbyrussell/oh-my-zsh/plugins/git-flow-avh:/Users/stevensanseau/.antigen/bundles/robbyrussell/oh-my-zsh/plugins/command-not-found:/Users/stevensanseau/.antigen/bundles/robbyrussell/oh-my-zsh/plugins/osx:/Users/stevensanseau/.antigen/bundles/robbyrussell/oh-my-zsh/plugins/brew:/Users/stevensanseau/.antigen/bundles/robbyrussell/oh-my-zsh/plugins/npm:/Users/stevensanseau/.antigen/bundles/robbyrussell/oh-my-zsh/plugins/colorize:/Users/stevensanseau/.antigen/bundles/robbyrussell/oh-my-zsh/plugins/colored-man-pages:/Users/stevensanseau/.antigen/bundles/robbyrussell/oh-my-zsh/plugins/rvm:/Users/stevensanseau/.antigen/bundles/robbyrussell/oh-my-zsh/plugins/gpg-agent:/Users/stevensanseau/.antigen/bundles/robbyrussell/oh-my-zsh/plugins/fzf:/Users/stevensanseau/.antigen/bundles/buonomo/yarn-completion:/Users/stevensanseau/.antigen/bundles/lukechilds/zsh-nvm:/Users/stevensanseau/.rvm/bin:/Users/stevensanseau/Library/Android/sdk/tools:/Users/stevensanseau/Library/Android/sdk/tools/bin:/Users/stevensanseau/Library/Android/sdk/platform-tools

Yarn version: 
  1.22.4

Node version: 
  13.12.0

Platform: 
  darwin x64

Trace: 
  Error: ENOENT: no such file or directory, scandir '/Users/stevensanseau/Workspace/investigative/node_modules/@ampproject'

npm manifest: 
  {
    "dependencies": {
      "@expo/html-elements": "^0.0.0-alpha.5",
      "@expo/vector-icons": "^10.2.0",
      "@graphql-codegen/typescript-graphql-request": "^1.13.5",
      "@next/bundle-analyzer": "^9.3.6",
      "@react-native-community/masked-view": "0.1.10",
      "@react-navigation/bottom-tabs": "^5.4.2",
      "@react-navigation/native": "^5.3.0",
      "@react-navigation/stack": "^5.3.2",
      "date-fns": "^2.13.0",
      "expo": "^37.0.9",
      "expo-localization": "^8.1.0",
      "expo-next-react-navigation": "^1.1.5",
      "feather-icons-react": "^0.4.1",
      "fontfaceobserver": "^2.1.0",
      "graphql-request": "^1.8.2",
      "htmlparser2": "^4.1.0",
      "next": "^9.3.6",
      "next-compose-plugins": "^2.2.0",
      "next-images": "^1.4.0",
      "next-offline": "^5.0.2",
      "next-seo": "^4.4.0",
      "next-transpile-modules": "^3.3.0",
      "react": "16.13.1",
      "react-dom": "^16.13.1",
      "react-error-boundary": "^2.2.1",
      "react-feather": "^2.0.8",
      "react-native": "https://github.com/expo/react-native/archive/sdk-37.0.0.tar.gz",
      "react-native-appearance": "~0.3.4",
      "react-native-extended-stylesheet": "^0.12.0",
      "react-native-gesture-handler": "~1.6.1",
      "react-native-safe-area-context": "1.0.0",
      "react-native-screens": "~2.7.0",
      "react-native-web": "^0.12.2",
      "react-native-webview": "9.4.0",
      "react-navigation-collapsible": "^5.6.0",
      "reakit": "^1.0.0-rc.2",
      "rosetta": "^1.0.0",
      "swr": "^0.2.0",
      "use-debounce": "^3.4.2"
    },
    "devDependencies": {
      "@babel/core": "^7.9.6",
      "@expo/next-adapter": "^2.1.4",
      "@graphql-codegen/cli": "^1.13.5",
      "@graphql-codegen/fragment-matcher": "^1.13.5",
      "@graphql-codegen/introspection": "1.13.5",
      "@graphql-codegen/typescript": "^1.13.5",
      "@graphql-codegen/typescript-document-nodes": "1.13.5",
      "@graphql-codegen/typescript-graphql-files-modules": "^1.13.5",
      "@graphql-codegen/typescript-operations": "^1.13.5",
      "@types/htmlparser2": "^3.10.1",
      "@types/react": "^16.9.34",
      "@types/react-native": "^0.62.7",
      "@typescript-eslint/eslint-plugin": "^2.31.0",
      "@typescript-eslint/parser": "^2.31.0",
      "babel-preset-expo": "^8.1.0",
      "eslint": "^7.0.0",
      "eslint-config-prettier": "^6.11.0",
      "eslint-plugin-import": "^2.20.2",
      "eslint-plugin-jsx-a11y": "^6.2.3",
      "eslint-plugin-prettier": "^3.1.3",
      "eslint-plugin-react": "^7.19.0",
      "eslint-plugin-react-hooks": "^4.0.0",
      "graphql": "^15.0.0",
      "husky": "^4.2.5",
      "native-testing-library": "^4.0.0",
      "prettier": "^2.0.5",
      "pretty-quick": "^2.0.1",
      "replace-in-file": "^6.0.0",
      "type-fest": "^0.13.1",
      "typescript": "^3.8.3"
    },
    "husky": {
      "hooks": {
        "pre-commit": "pretty-quick --staged"
      }
    },
    "main": "node_modules/expo/AppEntry.js",
    "private": true,
    "scripts": {
      "android": "expo start --android",
      "build": "next build",
      "build:web": "next build && next export",
      "deploy:prod": "predeploy:web && now --prod",
      "deploy:web": "yarn run predeploy:web && now",
      "eject": "expo eject",
      "format": "prettier --write \"**/*.{json,md,ts}\"",
      "generate": "graphql-codegen --config codegen.yml && replace-in-file \"1536X1536 =\" \"'1536X1536' =\" src/generated/graphql.ts && replace-in-file \"2048X2048 =\" \"'2048X2048' =\" src/generated/graphql.ts",
      "ios": "expo start --ios",
      "lint": " yarn eslint ./src --ext .js,.jsx,.ts,.tsx",
      "next": "next dev",
      "optimize": "rm -rf out; npx expo-optimize",
      "predeploy:web": "yarn run optimize && yarn run build:web",
      "serve": "yarn build:web && serve -p 3000 ./out",
      "start": "expo start",
      "web": "expo start --web"
    }
  }

yarn manifest: 
  No manifest

Lockfile: 
  No lockfile
